{"/home/samer/LTUC/Class401/labs/lab2/basic-express-server/src/server.js": {"path":"/home/samer/LTUC/Class401/labs/lab2/basic-express-server/src/server.js","statementMap":{"0":{"start":{"line":4,"column":16},"end":{"line":4,"column":34}},"1":{"start":{"line":5,"column":24},"end":{"line":5,"column":58}},"2":{"start":{"line":6,"column":21},"end":{"line":6,"column":55}},"3":{"start":{"line":7,"column":15},"end":{"line":7,"column":49}},"4":{"start":{"line":8,"column":18},"end":{"line":8,"column":55}},"5":{"start":{"line":12,"column":12},"end":{"line":12,"column":21}},"6":{"start":{"line":15,"column":0},"end":{"line":15,"column":24}},"7":{"start":{"line":16,"column":0},"end":{"line":16,"column":16}},"8":{"start":{"line":22,"column":0},"end":{"line":22,"column":44}},"9":{"start":{"line":24,"column":0},"end":{"line":24,"column":29}},"10":{"start":{"line":26,"column":0},"end":{"line":26,"column":22}},"11":{"start":{"line":28,"column":0},"end":{"line":28,"column":30}},"12":{"start":{"line":34,"column":17},"end":{"line":36,"column":3}},"13":{"start":{"line":37,"column":2},"end":{"line":37,"column":19}},"14":{"start":{"line":41,"column":2},"end":{"line":41,"column":39}},"15":{"start":{"line":45,"column":2},"end":{"line":45,"column":28}},"16":{"start":{"line":51,"column":15},"end":{"line":51,"column":19}},"17":{"start":{"line":52,"column":2},"end":{"line":52,"column":67}},"18":{"start":{"line":52,"column":25},"end":{"line":52,"column":65}},"19":{"start":{"line":55,"column":0},"end":{"line":58,"column":1}}},"fnMap":{"0":{"name":"handlePerson","decl":{"start":{"line":32,"column":9},"end":{"line":32,"column":21}},"loc":{"start":{"line":32,"column":31},"end":{"line":38,"column":1}},"line":32},"1":{"name":"handleError","decl":{"start":{"line":40,"column":9},"end":{"line":40,"column":20}},"loc":{"start":{"line":40,"column":30},"end":{"line":42,"column":1}},"line":40},"2":{"name":"handleNotFound","decl":{"start":{"line":44,"column":9},"end":{"line":44,"column":23}},"loc":{"start":{"line":44,"column":39},"end":{"line":46,"column":1}},"line":44},"3":{"name":"start","decl":{"start":{"line":50,"column":9},"end":{"line":50,"column":14}},"loc":{"start":{"line":50,"column":20},"end":{"line":53,"column":1}},"line":50},"4":{"name":"(anonymous_4)","decl":{"start":{"line":52,"column":19},"end":{"line":52,"column":20}},"loc":{"start":{"line":52,"column":25},"end":{"line":52,"column":65}},"line":52}},"branchMap":{},"s":{"0":2,"1":2,"2":2,"3":2,"4":2,"5":2,"6":2,"7":2,"8":2,"9":2,"10":2,"11":2,"12":1,"13":1,"14":1,"15":0,"16":0,"17":0,"18":0,"19":2},"f":{"0":1,"1":1,"2":0,"3":0,"4":0},"b":{},"_coverageSchema":"1a1c01bbd47fc00a2c39e90264f33305004495a9","hash":"040a18bdbf96426711fec1396a88e799127f054e"}
,"/home/samer/LTUC/Class401/labs/lab2/basic-express-server/src/error-handlers/404.js": {"path":"/home/samer/LTUC/Class401/labs/lab2/basic-express-server/src/error-handlers/404.js","statementMap":{"0":{"start":{"line":3,"column":0},"end":{"line":10,"column":2}},"1":{"start":{"line":4,"column":2},"end":{"line":4,"column":18}},"2":{"start":{"line":5,"column":2},"end":{"line":9,"column":5}}},"fnMap":{"0":{"name":"(anonymous_0)","decl":{"start":{"line":3,"column":17},"end":{"line":3,"column":18}},"loc":{"start":{"line":3,"column":31},"end":{"line":10,"column":1}},"line":3}},"branchMap":{},"s":{"0":2,"1":1,"2":1},"f":{"0":1},"b":{},"_coverageSchema":"1a1c01bbd47fc00a2c39e90264f33305004495a9","hash":"c1a87e940b27d913c656eb18a1ca271ed74f9ba2"}
,"/home/samer/LTUC/Class401/labs/lab2/basic-express-server/src/error-handlers/500.js": {"path":"/home/samer/LTUC/Class401/labs/lab2/basic-express-server/src/error-handlers/500.js","statementMap":{"0":{"start":{"line":3,"column":0},"end":{"line":10,"column":2}},"1":{"start":{"line":4,"column":2},"end":{"line":4,"column":18}},"2":{"start":{"line":5,"column":2},"end":{"line":9,"column":5}}},"fnMap":{"0":{"name":"(anonymous_0)","decl":{"start":{"line":3,"column":17},"end":{"line":3,"column":18}},"loc":{"start":{"line":3,"column":42},"end":{"line":10,"column":1}},"line":3}},"branchMap":{},"s":{"0":2,"1":2,"2":2},"f":{"0":2},"b":{},"_coverageSchema":"1a1c01bbd47fc00a2c39e90264f33305004495a9","hash":"4ceffe33965d8dd6575c65012cfd4327e2c402d6"}
,"/home/samer/LTUC/Class401/labs/lab2/basic-express-server/src/middlewares/logger.js": {"path":"/home/samer/LTUC/Class401/labs/lab2/basic-express-server/src/middlewares/logger.js","statementMap":{"0":{"start":{"line":3,"column":0},"end":{"line":7,"column":2}},"1":{"start":{"line":4,"column":2},"end":{"line":4,"column":51}},"2":{"start":{"line":6,"column":2},"end":{"line":6,"column":9}}},"fnMap":{"0":{"name":"(anonymous_0)","decl":{"start":{"line":3,"column":17},"end":{"line":3,"column":18}},"loc":{"start":{"line":3,"column":37},"end":{"line":7,"column":1}},"line":3}},"branchMap":{},"s":{"0":2,"1":4,"2":4},"f":{"0":4},"b":{},"_coverageSchema":"1a1c01bbd47fc00a2c39e90264f33305004495a9","hash":"52a489ec12a9abea7e790e51526ecf81c13f7029"}
,"/home/samer/LTUC/Class401/labs/lab2/basic-express-server/src/middlewares/validator.js": {"path":"/home/samer/LTUC/Class401/labs/lab2/basic-express-server/src/middlewares/validator.js","statementMap":{"0":{"start":{"line":3,"column":0},"end":{"line":9,"column":1}},"1":{"start":{"line":4,"column":2},"end":{"line":8,"column":3}},"2":{"start":{"line":5,"column":4},"end":{"line":5,"column":11}},"3":{"start":{"line":7,"column":4},"end":{"line":7,"column":25}}},"fnMap":{"0":{"name":"(anonymous_0)","decl":{"start":{"line":3,"column":17},"end":{"line":3,"column":18}},"loc":{"start":{"line":3,"column":37},"end":{"line":9,"column":1}},"line":3}},"branchMap":{"0":{"loc":{"start":{"line":4,"column":2},"end":{"line":8,"column":3}},"type":"if","locations":[{"start":{"line":4,"column":2},"end":{"line":8,"column":3}},{"start":{"line":4,"column":2},"end":{"line":8,"column":3}}],"line":4}},"s":{"0":2,"1":2,"2":1,"3":1},"f":{"0":2},"b":{"0":[1,1]},"_coverageSchema":"1a1c01bbd47fc00a2c39e90264f33305004495a9","hash":"29f522e38bfdf56a6ac9a93d35c1f5d45f9a0a11"}
}
