TN:
SF:src/server.js
FN:32,handlePerson
FN:40,handleError
FN:44,handleNotFound
FN:50,start
FN:52,(anonymous_4)
FNF:5
FNH:2
FNDA:1,handlePerson
FNDA:1,handleError
FNDA:0,handleNotFound
FNDA:0,start
FNDA:0,(anonymous_4)
DA:4,2
DA:5,2
DA:6,2
DA:7,2
DA:8,2
DA:12,2
DA:15,2
DA:16,2
DA:22,2
DA:24,2
DA:26,2
DA:28,2
DA:34,1
DA:37,1
DA:41,1
DA:45,0
DA:51,0
DA:52,0
DA:55,2
LF:19
LH:16
BRF:0
BRH:0
end_of_record
TN:
SF:src/error-handlers/404.js
FN:3,(anonymous_0)
FNF:1
FNH:1
FNDA:1,(anonymous_0)
DA:3,2
DA:4,1
DA:5,1
LF:3
LH:3
BRF:0
BRH:0
end_of_record
TN:
SF:src/error-handlers/500.js
FN:3,(anonymous_0)
FNF:1
FNH:1
FNDA:2,(anonymous_0)
DA:3,2
DA:4,2
DA:5,2
LF:3
LH:3
BRF:0
BRH:0
end_of_record
TN:
SF:src/middlewares/logger.js
FN:3,(anonymous_0)
FNF:1
FNH:1
FNDA:4,(anonymous_0)
DA:3,2
DA:4,4
DA:6,4
LF:3
LH:3
BRF:0
BRH:0
end_of_record
TN:
SF:src/middlewares/validator.js
FN:3,(anonymous_0)
FNF:1
FNH:1
FNDA:2,(anonymous_0)
DA:3,2
DA:4,2
DA:5,1
DA:7,1
LF:4
LH:4
BRDA:4,0,0,1
BRDA:4,0,1,1
BRF:2
BRH:2
end_of_record
